This file contains any messages produced by compilers while
running configure, to aid debugging if configure makes a mistake.

It was created by mu configure 0.9.9, which was
generated by GNU Autoconf 2.68.  Invocation command line was

  $ ./configure 

## --------- ##
## Platform. ##
## --------- ##

hostname = CISD1W0006
uname -m = i686
uname -r = 3.0.0-31-generic
uname -s = Linux
uname -v = #48-Ubuntu SMP Mon Feb 4 13:25:59 UTC 2013

/usr/bin/uname -p = unknown
/bin/uname -X     = unknown

/bin/arch              = unknown
/usr/bin/arch -k       = unknown
/usr/convex/getsysinfo = unknown
/usr/bin/hostinfo      = unknown
/bin/machine           = unknown
/usr/bin/oslevel       = unknown
/bin/universe          = unknown

PATH: /home/laptop/bin
PATH: /usr/lib/lightdm/lightdm
PATH: /usr/local/sbin
PATH: /usr/local/bin
PATH: /usr/sbin
PATH: /usr/bin
PATH: /sbin
PATH: /bin
PATH: /usr/games
PATH: /home/laptop/config/bin
PATH: /home/laptop/build/bin/bin
PATH: /home/laptop/.stumpwm.d/contrib/
PATH: /usr/local/plan9/bin
PATH: /usr/local/go/bin
PATH: /home/laptop/dev/chase/goshit/bin


## ----------- ##
## Core tests. ##
## ----------- ##

configure:2526: checking for a BSD-compatible install
configure:2594: result: /usr/bin/install -c
configure:2605: checking whether build environment is sane
configure:2655: result: yes
configure:2796: checking for a thread-safe mkdir -p
configure:2835: result: /bin/mkdir -p
configure:2848: checking for gawk
configure:2864: found /usr/bin/gawk
configure:2875: result: gawk
configure:2886: checking whether make sets $(MAKE)
configure:2908: result: yes
configure:3068: checking for g++
configure:3084: found /usr/bin/g++
configure:3095: result: g++
configure:3122: checking for C++ compiler version
configure:3131: g++ --version >&5
g++ (Ubuntu/Linaro 4.6.1-9ubuntu3) 4.6.1
Copyright (C) 2011 Free Software Foundation, Inc.
This is free software; see the source for copying conditions.  There is NO
warranty; not even for MERCHANTABILITY or FITNESS FOR A PARTICULAR PURPOSE.

configure:3142: $? = 0
configure:3131: g++ -v >&5
Using built-in specs.
COLLECT_GCC=g++
COLLECT_LTO_WRAPPER=/usr/lib/gcc/i686-linux-gnu/4.6.1/lto-wrapper
Target: i686-linux-gnu
Configured with: ../src/configure -v --with-pkgversion='Ubuntu/Linaro 4.6.1-9ubuntu3' --with-bugurl=file:///usr/share/doc/gcc-4.6/README.Bugs --enable-languages=c,c++,fortran,objc,obj-c++,go --prefix=/usr --program-suffix=-4.6 --enable-shared --enable-linker-build-id --with-system-zlib --libexecdir=/usr/lib --without-included-gettext --enable-threads=posix --with-gxx-include-dir=/usr/include/c++/4.6 --libdir=/usr/lib --enable-nls --with-sysroot=/ --enable-clocale=gnu --enable-libstdcxx-debug --enable-libstdcxx-time=yes --enable-plugin --enable-objc-gc --enable-targets=all --disable-werror --with-arch-32=i686 --with-tune=generic --enable-checking=release --build=i686-linux-gnu --host=i686-linux-gnu --target=i686-linux-gnu
Thread model: posix
gcc version 4.6.1 (Ubuntu/Linaro 4.6.1-9ubuntu3) 
configure:3142: $? = 0
configure:3131: g++ -V >&5
g++: error: unrecognized option '-V'
g++: fatal error: no input files
compilation terminated.
configure:3142: $? = 4
configure:3131: g++ -qversion >&5
g++: error: unrecognized option '-qversion'
g++: fatal error: no input files
compilation terminated.
configure:3142: $? = 4
configure:3162: checking whether the C++ compiler works
configure:3184: g++    conftest.cpp  >&5
configure:3188: $? = 0
configure:3236: result: yes
configure:3239: checking for C++ compiler default output file name
configure:3241: result: a.out
configure:3247: checking for suffix of executables
configure:3254: g++ -o conftest    conftest.cpp  >&5
configure:3258: $? = 0
configure:3280: result: 
configure:3302: checking whether we are cross compiling
configure:3310: g++ -o conftest    conftest.cpp  >&5
configure:3314: $? = 0
configure:3321: ./conftest
configure:3325: $? = 0
configure:3340: result: no
configure:3345: checking for suffix of object files
configure:3367: g++ -c   conftest.cpp >&5
configure:3371: $? = 0
configure:3392: result: o
configure:3396: checking whether we are using the GNU C++ compiler
configure:3415: g++ -c   conftest.cpp >&5
configure:3415: $? = 0
configure:3424: result: yes
configure:3433: checking whether g++ accepts -g
configure:3453: g++ -c -g  conftest.cpp >&5
configure:3453: $? = 0
configure:3494: result: yes
configure:3528: checking for style of include used by make
configure:3556: result: GNU
configure:3581: checking dependency style of g++
configure:3691: result: gcc3
configure:3754: checking for gcc
configure:3770: found /usr/bin/gcc
configure:3781: result: gcc
configure:4010: checking for C compiler version
configure:4019: gcc --version >&5
gcc (Ubuntu/Linaro 4.6.1-9ubuntu3) 4.6.1
Copyright (C) 2011 Free Software Foundation, Inc.
This is free software; see the source for copying conditions.  There is NO
warranty; not even for MERCHANTABILITY or FITNESS FOR A PARTICULAR PURPOSE.

configure:4030: $? = 0
configure:4019: gcc -v >&5
Using built-in specs.
COLLECT_GCC=gcc
COLLECT_LTO_WRAPPER=/usr/lib/gcc/i686-linux-gnu/4.6.1/lto-wrapper
Target: i686-linux-gnu
Configured with: ../src/configure -v --with-pkgversion='Ubuntu/Linaro 4.6.1-9ubuntu3' --with-bugurl=file:///usr/share/doc/gcc-4.6/README.Bugs --enable-languages=c,c++,fortran,objc,obj-c++,go --prefix=/usr --program-suffix=-4.6 --enable-shared --enable-linker-build-id --with-system-zlib --libexecdir=/usr/lib --without-included-gettext --enable-threads=posix --with-gxx-include-dir=/usr/include/c++/4.6 --libdir=/usr/lib --enable-nls --with-sysroot=/ --enable-clocale=gnu --enable-libstdcxx-debug --enable-libstdcxx-time=yes --enable-plugin --enable-objc-gc --enable-targets=all --disable-werror --with-arch-32=i686 --with-tune=generic --enable-checking=release --build=i686-linux-gnu --host=i686-linux-gnu --target=i686-linux-gnu
Thread model: posix
gcc version 4.6.1 (Ubuntu/Linaro 4.6.1-9ubuntu3) 
configure:4030: $? = 0
configure:4019: gcc -V >&5
gcc: error: unrecognized option '-V'
gcc: fatal error: no input files
compilation terminated.
configure:4030: $? = 4
configure:4019: gcc -qversion >&5
gcc: error: unrecognized option '-qversion'
gcc: fatal error: no input files
compilation terminated.
configure:4030: $? = 4
configure:4034: checking whether we are using the GNU C compiler
configure:4053: gcc -c   conftest.c >&5
configure:4053: $? = 0
configure:4062: result: yes
configure:4071: checking whether gcc accepts -g
configure:4091: gcc -c -g  conftest.c >&5
configure:4091: $? = 0
configure:4132: result: yes
configure:4149: checking for gcc option to accept ISO C89
configure:4213: gcc  -c -g -O2  conftest.c >&5
configure:4213: $? = 0
configure:4226: result: none needed
configure:4248: checking dependency style of gcc
configure:4358: result: gcc3
configure:4377: checking for gcc option to accept ISO C99
configure:4526: gcc  -c -g -O2  conftest.c >&5
conftest.c:61:29: error: expected ';', ',' or ')' before 'text'
conftest.c: In function 'main':
conftest.c:115:18: error: expected '=', ',', ';', 'asm' or '__attribute__' before 'newvar'
conftest.c:115:18: error: 'newvar' undeclared (first use in this function)
conftest.c:115:18: note: each undeclared identifier is reported only once for each function it appears in
conftest.c:125:3: error: 'for' loop initial declarations are only allowed in C99 mode
conftest.c:125:3: note: use option -std=c99 or -std=gnu99 to compile your code
configure:4526: $? = 1
configure: failed program was:
| /* confdefs.h */
| #define PACKAGE_NAME "mu"
| #define PACKAGE_TARNAME "mu"
| #define PACKAGE_VERSION "0.9.9"
| #define PACKAGE_STRING "mu 0.9.9"
| #define PACKAGE_BUGREPORT "http://code.google.com/p/mu0/issues/list"
| #define PACKAGE_URL ""
| #define PACKAGE "mu"
| #define VERSION "0.9.9"
| /* end confdefs.h.  */
| #include <stdarg.h>
| #include <stdbool.h>
| #include <stdlib.h>
| #include <wchar.h>
| #include <stdio.h>
| 
| // Check varargs macros.  These examples are taken from C99 6.10.3.5.
| #define debug(...) fprintf (stderr, __VA_ARGS__)
| #define showlist(...) puts (#__VA_ARGS__)
| #define report(test,...) ((test) ? puts (#test) : printf (__VA_ARGS__))
| static void
| test_varargs_macros (void)
| {
|   int x = 1234;
|   int y = 5678;
|   debug ("Flag");
|   debug ("X = %d\n", x);
|   showlist (The first, second, and third items.);
|   report (x>y, "x is %d but y is %d", x, y);
| }
| 
| // Check long long types.
| #define BIG64 18446744073709551615ull
| #define BIG32 4294967295ul
| #define BIG_OK (BIG64 / BIG32 == 4294967297ull && BIG64 % BIG32 == 0)
| #if !BIG_OK
|   your preprocessor is broken;
| #endif
| #if BIG_OK
| #else
|   your preprocessor is broken;
| #endif
| static long long int bignum = -9223372036854775807LL;
| static unsigned long long int ubignum = BIG64;
| 
| struct incomplete_array
| {
|   int datasize;
|   double data[];
| };
| 
| struct named_init {
|   int number;
|   const wchar_t *name;
|   double average;
| };
| 
| typedef const char *ccp;
| 
| static inline int
| test_restrict (ccp restrict text)
| {
|   // See if C++-style comments work.
|   // Iterate through items via the restricted pointer.
|   // Also check for declarations in for loops.
|   for (unsigned int i = 0; *(text+i) != '\0'; ++i)
|     continue;
|   return 0;
| }
| 
| // Check varargs and va_copy.
| static void
| test_varargs (const char *format, ...)
| {
|   va_list args;
|   va_start (args, format);
|   va_list args_copy;
|   va_copy (args_copy, args);
| 
|   const char *str;
|   int number;
|   float fnumber;
| 
|   while (*format)
|     {
|       switch (*format++)
| 	{
| 	case 's': // string
| 	  str = va_arg (args_copy, const char *);
| 	  break;
| 	case 'd': // int
| 	  number = va_arg (args_copy, int);
| 	  break;
| 	case 'f': // float
| 	  fnumber = va_arg (args_copy, double);
| 	  break;
| 	default:
| 	  break;
| 	}
|     }
|   va_end (args_copy);
|   va_end (args);
| }
| 
| int
| main ()
| {
| 
|   // Check bool.
|   _Bool success = false;
| 
|   // Check restrict.
|   if (test_restrict ("String literal") == 0)
|     success = true;
|   char *restrict newvar = "Another string";
| 
|   // Check varargs.
|   test_varargs ("s, d' f .", "string", 65, 34.234);
|   test_varargs_macros ();
| 
|   // Check flexible array members.
|   struct incomplete_array *ia =
|     malloc (sizeof (struct incomplete_array) + (sizeof (double) * 10));
|   ia->datasize = 10;
|   for (int i = 0; i < ia->datasize; ++i)
|     ia->data[i] = i * 1.234;
| 
|   // Check named initializers.
|   struct named_init ni = {
|     .number = 34,
|     .name = L"Test wide string",
|     .average = 543.34343,
|   };
| 
|   ni.number = 58;
| 
|   int dynamic_array[ni.number];
|   dynamic_array[ni.number - 1] = 543;
| 
|   // work around unused variable warnings
|   return (!success || bignum == 0LL || ubignum == 0uLL || newvar[0] == 'x'
| 	  || dynamic_array[ni.number - 1] != 543);
| 
|   ;
|   return 0;
| }
configure:4526: gcc -std=gnu99 -c -g -O2  conftest.c >&5
configure:4526: $? = 0
configure:4546: result: -std=gnu99
configure:4648: checking for gcc -std=gnu99 option to accept ISO Standard C
configure:4662: result: -std=gnu99
configure:4673: checking how to run the C preprocessor
configure:4704: gcc -std=gnu99 -E  conftest.c
configure:4704: $? = 0
configure:4718: gcc -std=gnu99 -E  conftest.c
conftest.c:11:28: fatal error: ac_nonexistent.h: No such file or directory
compilation terminated.
configure:4718: $? = 1
configure: failed program was:
| /* confdefs.h */
| #define PACKAGE_NAME "mu"
| #define PACKAGE_TARNAME "mu"
| #define PACKAGE_VERSION "0.9.9"
| #define PACKAGE_STRING "mu 0.9.9"
| #define PACKAGE_BUGREPORT "http://code.google.com/p/mu0/issues/list"
| #define PACKAGE_URL ""
| #define PACKAGE "mu"
| #define VERSION "0.9.9"
| /* end confdefs.h.  */
| #include <ac_nonexistent.h>
configure:4743: result: gcc -std=gnu99 -E
configure:4763: gcc -std=gnu99 -E  conftest.c
configure:4763: $? = 0
configure:4777: gcc -std=gnu99 -E  conftest.c
conftest.c:11:28: fatal error: ac_nonexistent.h: No such file or directory
compilation terminated.
configure:4777: $? = 1
configure: failed program was:
| /* confdefs.h */
| #define PACKAGE_NAME "mu"
| #define PACKAGE_TARNAME "mu"
| #define PACKAGE_VERSION "0.9.9"
| #define PACKAGE_STRING "mu 0.9.9"
| #define PACKAGE_BUGREPORT "http://code.google.com/p/mu0/issues/list"
| #define PACKAGE_URL ""
| #define PACKAGE "mu"
| #define VERSION "0.9.9"
| /* end confdefs.h.  */
| #include <ac_nonexistent.h>
configure:4806: checking for grep that handles long lines and -e
configure:4864: result: /bin/grep
configure:4869: checking for egrep
configure:4931: result: /bin/grep -E
configure:4936: checking for ANSI C header files
configure:4956: gcc -std=gnu99 -c -g -O2  conftest.c >&5
configure:4956: $? = 0
configure:5029: gcc -std=gnu99 -o conftest -g -O2   conftest.c  >&5
configure:5029: $? = 0
configure:5029: ./conftest
configure:5029: $? = 0
configure:5040: result: yes
configure:5080: checking build system type
configure:5094: result: i686-pc-linux-gnu
configure:5114: checking host system type
configure:5127: result: i686-pc-linux-gnu
configure:5168: checking how to print strings
configure:5195: result: printf
configure:5216: checking for a sed that does not truncate output
configure:5280: result: /bin/sed
configure:5298: checking for fgrep
configure:5360: result: /bin/grep -F
configure:5395: checking for ld used by gcc -std=gnu99
configure:5462: result: /usr/bin/ld
configure:5469: checking if the linker (/usr/bin/ld) is GNU ld
configure:5484: result: yes
configure:5496: checking for BSD- or MS-compatible name lister (nm)
configure:5545: result: /usr/bin/nm -B
configure:5675: checking the name lister (/usr/bin/nm -B) interface
configure:5682: gcc -std=gnu99 -c -g -O2  conftest.c >&5
configure:5685: /usr/bin/nm -B "conftest.o"
configure:5688: output
00000000 B some_variable
configure:5695: result: BSD nm
configure:5698: checking whether ln -s works
configure:5702: result: yes
configure:5710: checking the maximum length of command line arguments
configure:5840: result: 1572864
configure:5857: checking whether the shell understands some XSI constructs
configure:5867: result: yes
configure:5871: checking whether the shell understands "+="
configure:5877: result: yes
configure:5912: checking how to convert i686-pc-linux-gnu file names to i686-pc-linux-gnu format
configure:5952: result: func_convert_file_noop
configure:5959: checking how to convert i686-pc-linux-gnu file names to toolchain format
configure:5979: result: func_convert_file_noop
configure:5986: checking for /usr/bin/ld option to reload object files
configure:5993: result: -r
configure:6067: checking for objdump
configure:6083: found /usr/bin/objdump
configure:6094: result: objdump
configure:6126: checking how to recognize dependent libraries
configure:6328: result: pass_all
configure:6413: checking for dlltool
configure:6443: result: no
configure:6473: checking how to associate runtime and link libraries
configure:6500: result: printf %s\n
configure:6560: checking for ar
configure:6576: found /usr/bin/ar
configure:6587: result: ar
configure:6624: checking for archiver @FILE support
configure:6641: gcc -std=gnu99 -c -g -O2  conftest.c >&5
configure:6641: $? = 0
configure:6644: ar cru libconftest.a @conftest.lst >&5
configure:6647: $? = 0
configure:6652: ar cru libconftest.a @conftest.lst >&5
ar: conftest.o: No such file or directory
configure:6655: $? = 1
configure:6667: result: @
configure:6725: checking for strip
configure:6741: found /usr/bin/strip
configure:6752: result: strip
configure:6824: checking for ranlib
configure:6840: found /usr/bin/ranlib
configure:6851: result: ranlib
configure:6953: checking command to parse /usr/bin/nm -B output from gcc -std=gnu99 object
configure:7073: gcc -std=gnu99 -c -g -O2  conftest.c >&5
configure:7076: $? = 0
configure:7080: /usr/bin/nm -B conftest.o \| sed -n -e 's/^.*[ ]\([ABCDGIRSTW][ABCDGIRSTW]*\)[ ][ ]*\([_A-Za-z][_A-Za-z0-9]*\)$/\1 \2 \2/p' | sed '/ __gnu_lto/d' \> conftest.nm
configure:7083: $? = 0
configure:7149: gcc -std=gnu99 -o conftest -g -O2   conftest.c conftstm.o >&5
configure:7152: $? = 0
configure:7190: result: ok
configure:7227: checking for sysroot
configure:7257: result: no
configure:7513: checking for mt
configure:7529: found /bin/mt
configure:7540: result: mt
configure:7563: checking if mt is a manifest tool
configure:7569: mt '-?'
configure:7577: result: no
configure:8219: checking for sys/types.h
configure:8219: gcc -std=gnu99 -c -g -O2  conftest.c >&5
configure:8219: $? = 0
configure:8219: result: yes
configure:8219: checking for sys/stat.h
configure:8219: gcc -std=gnu99 -c -g -O2  conftest.c >&5
configure:8219: $? = 0
configure:8219: result: yes
configure:8219: checking for stdlib.h
configure:8219: gcc -std=gnu99 -c -g -O2  conftest.c >&5
configure:8219: $? = 0
configure:8219: result: yes
configure:8219: checking for string.h
configure:8219: gcc -std=gnu99 -c -g -O2  conftest.c >&5
configure:8219: $? = 0
configure:8219: result: yes
configure:8219: checking for memory.h
configure:8219: gcc -std=gnu99 -c -g -O2  conftest.c >&5
configure:8219: $? = 0
configure:8219: result: yes
configure:8219: checking for strings.h
configure:8219: gcc -std=gnu99 -c -g -O2  conftest.c >&5
configure:8219: $? = 0
configure:8219: result: yes
configure:8219: checking for inttypes.h
configure:8219: gcc -std=gnu99 -c -g -O2  conftest.c >&5
configure:8219: $? = 0
configure:8219: result: yes
configure:8219: checking for stdint.h
configure:8219: gcc -std=gnu99 -c -g -O2  conftest.c >&5
configure:8219: $? = 0
configure:8219: result: yes
configure:8219: checking for unistd.h
configure:8219: gcc -std=gnu99 -c -g -O2  conftest.c >&5
configure:8219: $? = 0
configure:8219: result: yes
configure:8233: checking for dlfcn.h
configure:8233: gcc -std=gnu99 -c -g -O2  conftest.c >&5
configure:8233: $? = 0
configure:8233: result: yes
configure:8450: checking for objdir
configure:8465: result: .libs
configure:8736: checking if gcc -std=gnu99 supports -fno-rtti -fno-exceptions
configure:8754: gcc -std=gnu99 -c -g -O2  -fno-rtti -fno-exceptions conftest.c >&5
cc1: warning: command line option '-fno-rtti' is valid for C++/ObjC++ but not for C [enabled by default]
configure:8758: $? = 0
configure:8771: result: no
configure:9098: checking for gcc -std=gnu99 option to produce PIC
configure:9105: result: -fPIC -DPIC
configure:9113: checking if gcc -std=gnu99 PIC flag -fPIC -DPIC works
configure:9131: gcc -std=gnu99 -c -g -O2  -fPIC -DPIC -DPIC conftest.c >&5
configure:9135: $? = 0
configure:9148: result: yes
configure:9177: checking if gcc -std=gnu99 static flag -static works
configure:9205: result: yes
configure:9220: checking if gcc -std=gnu99 supports -c -o file.o
configure:9241: gcc -std=gnu99 -c -g -O2  -o out/conftest2.o conftest.c >&5
configure:9245: $? = 0
configure:9267: result: yes
configure:9275: checking if gcc -std=gnu99 supports -c -o file.o
configure:9322: result: yes
configure:9355: checking whether the gcc -std=gnu99 linker (/usr/bin/ld) supports shared libraries
configure:10512: result: yes
configure:10549: checking whether -lc should be explicitly linked in
configure:10557: gcc -std=gnu99 -c -g -O2  conftest.c >&5
configure:10560: $? = 0
configure:10575: gcc -std=gnu99 -shared  -fPIC -DPIC conftest.o  -v -Wl,-soname -Wl,conftest -o conftest 2\>\&1 \| /bin/grep  -lc  \>/dev/null 2\>\&1
configure:10578: $? = 0
configure:10592: result: no
configure:10752: checking dynamic linker characteristics
configure:11263: gcc -std=gnu99 -o conftest -g -O2   -Wl,-rpath -Wl,/foo conftest.c  >&5
configure:11263: $? = 0
configure:11497: result: GNU/Linux ld.so
configure:11604: checking how to hardcode library paths into programs
configure:11629: result: immediate
configure:12169: checking whether stripping libraries is possible
configure:12174: result: yes
configure:12209: checking if libtool supports shared libraries
configure:12211: result: yes
configure:12214: checking whether to build shared libraries
configure:12235: result: yes
configure:12238: checking whether to build static libraries
configure:12242: result: yes
configure:12265: checking how to run the C++ preprocessor
configure:12292: g++ -E  conftest.cpp
configure:12292: $? = 0
configure:12306: g++ -E  conftest.cpp
conftest.cpp:23:28: fatal error: ac_nonexistent.h: No such file or directory
compilation terminated.
configure:12306: $? = 1
configure: failed program was:
| /* confdefs.h */
| #define PACKAGE_NAME "mu"
| #define PACKAGE_TARNAME "mu"
| #define PACKAGE_VERSION "0.9.9"
| #define PACKAGE_STRING "mu 0.9.9"
| #define PACKAGE_BUGREPORT "http://code.google.com/p/mu0/issues/list"
| #define PACKAGE_URL ""
| #define PACKAGE "mu"
| #define VERSION "0.9.9"
| #define STDC_HEADERS 1
| #define HAVE_SYS_TYPES_H 1
| #define HAVE_SYS_STAT_H 1
| #define HAVE_STDLIB_H 1
| #define HAVE_STRING_H 1
| #define HAVE_MEMORY_H 1
| #define HAVE_STRINGS_H 1
| #define HAVE_INTTYPES_H 1
| #define HAVE_STDINT_H 1
| #define HAVE_UNISTD_H 1
| #define HAVE_DLFCN_H 1
| #define LT_OBJDIR ".libs/"
| /* end confdefs.h.  */
| #include <ac_nonexistent.h>
configure:12331: result: g++ -E
configure:12351: g++ -E  conftest.cpp
configure:12351: $? = 0
configure:12365: g++ -E  conftest.cpp
conftest.cpp:23:28: fatal error: ac_nonexistent.h: No such file or directory
compilation terminated.
configure:12365: $? = 1
configure: failed program was:
| /* confdefs.h */
| #define PACKAGE_NAME "mu"
| #define PACKAGE_TARNAME "mu"
| #define PACKAGE_VERSION "0.9.9"
| #define PACKAGE_STRING "mu 0.9.9"
| #define PACKAGE_BUGREPORT "http://code.google.com/p/mu0/issues/list"
| #define PACKAGE_URL ""
| #define PACKAGE "mu"
| #define VERSION "0.9.9"
| #define STDC_HEADERS 1
| #define HAVE_SYS_TYPES_H 1
| #define HAVE_SYS_STAT_H 1
| #define HAVE_STDLIB_H 1
| #define HAVE_STRING_H 1
| #define HAVE_MEMORY_H 1
| #define HAVE_STRINGS_H 1
| #define HAVE_INTTYPES_H 1
| #define HAVE_STDINT_H 1
| #define HAVE_UNISTD_H 1
| #define HAVE_DLFCN_H 1
| #define LT_OBJDIR ".libs/"
| /* end confdefs.h.  */
| #include <ac_nonexistent.h>
configure:12534: checking for ld used by g++
configure:12601: result: /usr/bin/ld
configure:12608: checking if the linker (/usr/bin/ld) is GNU ld
configure:12623: result: yes
configure:12678: checking whether the g++ linker (/usr/bin/ld) supports shared libraries
configure:13683: result: yes
configure:13719: g++ -c -g -O2  conftest.cpp >&5
configure:13722: $? = 0
configure:14242: checking for g++ option to produce PIC
configure:14249: result: -fPIC -DPIC
configure:14257: checking if g++ PIC flag -fPIC -DPIC works
configure:14275: g++ -c -g -O2  -fPIC -DPIC -DPIC conftest.cpp >&5
configure:14279: $? = 0
configure:14292: result: yes
configure:14315: checking if g++ static flag -static works
configure:14343: result: yes
configure:14355: checking if g++ supports -c -o file.o
configure:14376: g++ -c -g -O2  -o out/conftest2.o conftest.cpp >&5
configure:14380: $? = 0
configure:14402: result: yes
configure:14407: checking if g++ supports -c -o file.o
configure:14454: result: yes
configure:14484: checking whether the g++ linker (/usr/bin/ld) supports shared libraries
configure:14523: result: yes
configure:14664: checking dynamic linker characteristics
configure:15343: result: GNU/Linux ld.so
configure:15396: checking how to hardcode library paths into programs
configure:15421: result: immediate
configure:15488: checking for gawk
configure:15515: result: gawk
configure:15530: checking locale.h usability
configure:15530: gcc -std=gnu99 -c -g -O2  conftest.c >&5
configure:15530: $? = 0
configure:15530: result: yes
configure:15530: checking locale.h presence
configure:15530: gcc -std=gnu99 -E  conftest.c
configure:15530: $? = 0
configure:15530: result: yes
configure:15530: checking for locale.h
configure:15530: result: yes
configure:15530: checking langinfo.h usability
configure:15530: gcc -std=gnu99 -c -g -O2  conftest.c >&5
configure:15530: $? = 0
configure:15530: result: yes
configure:15530: checking langinfo.h presence
configure:15530: gcc -std=gnu99 -E  conftest.c
configure:15530: $? = 0
configure:15530: result: yes
configure:15530: checking for langinfo.h
configure:15530: result: yes
configure:15530: checking wordexp.h usability
configure:15530: gcc -std=gnu99 -c -g -O2  conftest.c >&5
configure:15530: $? = 0
configure:15530: result: yes
configure:15530: checking wordexp.h presence
configure:15530: gcc -std=gnu99 -E  conftest.c
configure:15530: $? = 0
configure:15530: result: yes
configure:15530: checking for wordexp.h
configure:15530: result: yes
configure:15549: checking for special C compiler options needed for large files
configure:15594: result: no
configure:15600: checking for _FILE_OFFSET_BITS value needed for large files
configure:15625: gcc -std=gnu99 -c -g -O2  conftest.c >&5
conftest.c:32:3: warning: left shift count >= width of type [enabled by default]
conftest.c:32:3: warning: left shift count >= width of type [enabled by default]
conftest.c:33:10: warning: left shift count >= width of type [enabled by default]
conftest.c:33:10: warning: left shift count >= width of type [enabled by default]
conftest.c:32:7: error: size of array 'off_t_is_large' is negative
conftest.c:34:9: warning: variably modified 'off_t_is_large' at file scope [enabled by default]
configure:15625: $? = 1
configure: failed program was:
| /* confdefs.h */
| #define PACKAGE_NAME "mu"
| #define PACKAGE_TARNAME "mu"
| #define PACKAGE_VERSION "0.9.9"
| #define PACKAGE_STRING "mu 0.9.9"
| #define PACKAGE_BUGREPORT "http://code.google.com/p/mu0/issues/list"
| #define PACKAGE_URL ""
| #define PACKAGE "mu"
| #define VERSION "0.9.9"
| #define STDC_HEADERS 1
| #define HAVE_SYS_TYPES_H 1
| #define HAVE_SYS_STAT_H 1
| #define HAVE_STDLIB_H 1
| #define HAVE_STRING_H 1
| #define HAVE_MEMORY_H 1
| #define HAVE_STRINGS_H 1
| #define HAVE_INTTYPES_H 1
| #define HAVE_STDINT_H 1
| #define HAVE_UNISTD_H 1
| #define HAVE_DLFCN_H 1
| #define LT_OBJDIR ".libs/"
| #define HAVE_LOCALE_H 1
| #define HAVE_LANGINFO_H 1
| #define HAVE_WORDEXP_H 1
| /* end confdefs.h.  */
| #include <sys/types.h>
|  /* Check that off_t can represent 2**63 - 1 correctly.
|     We can't simply define LARGE_OFF_T to be 9223372036854775807,
|     since some C++ compilers masquerading as C compilers
|     incorrectly reject 9223372036854775807.  */
| #define LARGE_OFF_T (((off_t) 1 << 62) - 1 + ((off_t) 1 << 62))
|   int off_t_is_large[(LARGE_OFF_T % 2147483629 == 721
| 		       && LARGE_OFF_T % 2147483647 == 1)
| 		      ? 1 : -1];
| int
| main ()
| {
| 
|   ;
|   return 0;
| }
configure:15649: gcc -std=gnu99 -c -g -O2  conftest.c >&5
configure:15649: $? = 0
configure:15657: result: 64
configure:15745: checking for makeinfo
configure:15761: found /usr/bin/makeinfo
configure:15773: result: yes
configure:15807: checking for emacs
configure:15823: found /usr/bin/emacs
configure:15834: result: emacs
configure:15858: checking where .elc files should go
configure:15871: $EMACS -batch -q -eval '(while load-path (princ (concat (car load-path) "\n")) (setq load-path (cdr load-path)))' </dev/null >conftest.out
Loading 00debian-vars...
No /etc/mailname. Reverting to default...
Loading /etc/emacs/site-start.d/50autoconf.el (source)...
Loading /etc/emacs/site-start.d/50dictionaries-common.el (source)...
Loading debian-ispell...
Loading /var/cache/dictionaries-common/emacsen-ispell-default.el (source)...
Loading /var/cache/dictionaries-common/emacsen-ispell-dicts.el (source)...
Loading /etc/emacs/site-start.d/50emacs-goodies-el.el (source)...
Loading /etc/emacs/site-start.d/50ess.el (source)...
Loading /etc/emacs/site-start.d/50global.el (source)...
Loading /etc/emacs/site-start.d/50ledger.el (source)...
Loading /etc/emacs/site-start.d/50magit.el (source)...
Loading /etc/emacs/site-start.d/50pylint.el (source)...
Loading pylint...
Loading /etc/emacs/site-start.d/50slime.el (source)...
Loading /usr/share/emacs23/site-lisp/slime/slime-autoloads.elc...
configure:15874: $? = 0
configure:15887: result: ${datarootdir}/emacs/site-lisp
configure:15922: checking for dirent.h that defines DIR
configure:15941: gcc -std=gnu99 -c -g -O2  conftest.c >&5
configure:15941: $? = 0
configure:15949: result: yes
configure:15962: checking for library containing opendir
configure:15993: gcc -std=gnu99 -o conftest -g -O2   conftest.c  >&5
configure:15993: $? = 0
configure:16010: result: none required
configure:16083: checking for struct dirent.d_type
configure:16083: gcc -std=gnu99 -c -g -O2  conftest.c >&5
configure:16083: $? = 0
configure:16083: result: yes
configure:16131: checking for struct dirent.d_ino
configure:16131: gcc -std=gnu99 -c -g -O2  conftest.c >&5
configure:16131: $? = 0
configure:16131: result: yes
configure:16173: checking for memset
configure:16173: gcc -std=gnu99 -o conftest -g -O2   conftest.c  >&5
conftest.c:53:6: warning: conflicting types for built-in function 'memset' [enabled by default]
configure:16173: $? = 0
configure:16173: result: yes
configure:16173: checking for memcpy
configure:16173: gcc -std=gnu99 -o conftest -g -O2   conftest.c  >&5
conftest.c:54:6: warning: conflicting types for built-in function 'memcpy' [enabled by default]
configure:16173: $? = 0
configure:16173: result: yes
configure:16173: checking for realpath
configure:16173: gcc -std=gnu99 -o conftest -g -O2   conftest.c  >&5
configure:16173: $? = 0
configure:16173: result: yes
configure:16173: checking for setlocale
configure:16173: gcc -std=gnu99 -o conftest -g -O2   conftest.c  >&5
configure:16173: $? = 0
configure:16173: result: yes
configure:16173: checking for strerror
configure:16173: gcc -std=gnu99 -o conftest -g -O2   conftest.c  >&5
configure:16173: $? = 0
configure:16173: result: yes
configure:16173: checking for getpass
configure:16173: gcc -std=gnu99 -o conftest -g -O2   conftest.c  >&5
configure:16173: $? = 0
configure:16173: result: yes
configure:16186: checking for pkg-config
configure:16204: found /usr/bin/pkg-config
configure:16217: result: /usr/bin/pkg-config
configure:16345: checking pkg-config is at least version 0.9.0
configure:16348: result: yes
configure:16358: checking for GLIB
configure:16365: $PKG_CONFIG --exists --print-errors "glib-2.0 >= 2.24 gobject-2.0"
configure:16368: $? = 0
configure:16382: $PKG_CONFIG --exists --print-errors "glib-2.0 >= 2.24 gobject-2.0"
configure:16385: $? = 0
configure:16443: result: yes
configure:16454: checking for GMIME
configure:16461: $PKG_CONFIG --exists --print-errors "gmime-2.6"
Package gmime-2.6 was not found in the pkg-config search path.
Perhaps you should add the directory containing `gmime-2.6.pc'
to the PKG_CONFIG_PATH environment variable
No package 'gmime-2.6' found
configure:16464: $? = 1
configure:16478: $PKG_CONFIG --exists --print-errors "gmime-2.6"
Package gmime-2.6 was not found in the pkg-config search path.
Perhaps you should add the directory containing `gmime-2.6.pc'
to the PKG_CONFIG_PATH environment variable
No package 'gmime-2.6' found
configure:16481: $? = 1
configure:16495: result: no
No package 'gmime-2.6' found
configure:16527: checking for GMIME
configure:16534: $PKG_CONFIG --exists --print-errors "gmime-2.4"
configure:16537: $? = 0
configure:16551: $PKG_CONFIG --exists --print-errors "gmime-2.4"
configure:16554: $? = 0
configure:16592: result: yes
configure:16638: checking for xapian-config
configure:16654: found /usr/bin/xapian-config
configure:16666: result: xapian-config
configure:16829: checking for GTK
configure:16836: $PKG_CONFIG --exists --print-errors "gtk+-2.0"
Package gtk+-2.0 was not found in the pkg-config search path.
Perhaps you should add the directory containing `gtk+-2.0.pc'
to the PKG_CONFIG_PATH environment variable
No package 'gtk+-2.0' found
configure:16839: $? = 1
configure:16853: $PKG_CONFIG --exists --print-errors "gtk+-2.0"
Package gtk+-2.0 was not found in the pkg-config search path.
Perhaps you should add the directory containing `gtk+-2.0.pc'
to the PKG_CONFIG_PATH environment variable
No package 'gtk+-2.0' found
configure:16856: $? = 1
configure:16870: result: no
No package 'gtk+-2.0' found
configure:17120: checking for GIO
configure:17127: $PKG_CONFIG --exists --print-errors "gio-2.0"
configure:17130: $? = 0
configure:17144: $PKG_CONFIG --exists --print-errors "gio-2.0"
configure:17147: $? = 0
configure:17185: result: yes
configure:17232: checking for GUILE
configure:17239: $PKG_CONFIG --exists --print-errors "guile-2.0"
Package guile-2.0 was not found in the pkg-config search path.
Perhaps you should add the directory containing `guile-2.0.pc'
to the PKG_CONFIG_PATH environment variable
No package 'guile-2.0' found
configure:17242: $? = 1
configure:17256: $PKG_CONFIG --exists --print-errors "guile-2.0"
Package guile-2.0 was not found in the pkg-config search path.
Perhaps you should add the directory containing `guile-2.0.pc'
to the PKG_CONFIG_PATH environment variable
No package 'guile-2.0' found
configure:17259: $? = 1
configure:17273: result: no
No package 'guile-2.0' found
configure:17441: checking for makeinfo
configure:17469: result: yes
configure:17493: checking for pmccabe
configure:17524: result: pmccabe
configure:17724: creating ./config.status

## ---------------------- ##
## Running config.status. ##
## ---------------------- ##

This file was extended by mu config.status 0.9.9, which was
generated by GNU Autoconf 2.68.  Invocation command line was

  CONFIG_FILES    = 
  CONFIG_HEADERS  = 
  CONFIG_LINKS    = 
  CONFIG_COMMANDS = 
  $ ./config.status 

on CISD1W0006

config.status:1227: creating Makefile
config.status:1227: creating mu/Makefile
config.status:1227: creating mu/tests/Makefile
config.status:1227: creating lib/Makefile
config.status:1227: creating lib/tests/Makefile
config.status:1227: creating mu4e/Makefile
config.status:1227: creating mu4e/mu4e-meta.el
config.status:1227: creating mu4e/version.texi
config.status:1227: creating guile/Makefile
config.status:1227: creating guile/mu/Makefile
config.status:1227: creating guile/examples/Makefile
config.status:1227: creating guile/tests/Makefile
config.status:1227: creating toys/Makefile
config.status:1227: creating toys/mug/Makefile
config.status:1227: creating toys/msg2pdf/Makefile
config.status:1227: creating man/Makefile
config.status:1227: creating m4/Makefile
config.status:1227: creating contrib/Makefile
config.status:1227: creating config.h
config.status:1456: executing depfiles commands
config.status:1456: executing libtool commands

## ---------------- ##
## Cache variables. ##
## ---------------- ##

ac_cv_build=i686-pc-linux-gnu
ac_cv_c_compiler_gnu=yes
ac_cv_cxx_compiler_gnu=yes
ac_cv_env_CCC_set=
ac_cv_env_CCC_value=
ac_cv_env_CC_set=
ac_cv_env_CC_value=
ac_cv_env_CFLAGS_set=
ac_cv_env_CFLAGS_value=
ac_cv_env_CPPFLAGS_set=
ac_cv_env_CPPFLAGS_value=
ac_cv_env_CPP_set=
ac_cv_env_CPP_value=
ac_cv_env_CXXCPP_set=
ac_cv_env_CXXCPP_value=
ac_cv_env_CXXFLAGS_set=
ac_cv_env_CXXFLAGS_value=
ac_cv_env_CXX_set=
ac_cv_env_CXX_value=
ac_cv_env_EMACSLOADPATH_set=
ac_cv_env_EMACSLOADPATH_value=
ac_cv_env_EMACS_set=
ac_cv_env_EMACS_value=
ac_cv_env_GIO_CFLAGS_set=
ac_cv_env_GIO_CFLAGS_value=
ac_cv_env_GIO_LIBS_set=
ac_cv_env_GIO_LIBS_value=
ac_cv_env_GLIB_CFLAGS_set=
ac_cv_env_GLIB_CFLAGS_value=
ac_cv_env_GLIB_LIBS_set=
ac_cv_env_GLIB_LIBS_value=
ac_cv_env_GMIME_CFLAGS_set=
ac_cv_env_GMIME_CFLAGS_value=
ac_cv_env_GMIME_LIBS_set=
ac_cv_env_GMIME_LIBS_value=
ac_cv_env_GTK_CFLAGS_set=
ac_cv_env_GTK_CFLAGS_value=
ac_cv_env_GTK_LIBS_set=
ac_cv_env_GTK_LIBS_value=
ac_cv_env_GUILE_CFLAGS_set=
ac_cv_env_GUILE_CFLAGS_value=
ac_cv_env_GUILE_LIBS_set=
ac_cv_env_GUILE_LIBS_value=
ac_cv_env_LDFLAGS_set=
ac_cv_env_LDFLAGS_value=
ac_cv_env_LIBS_set=
ac_cv_env_LIBS_value=
ac_cv_env_PKG_CONFIG_LIBDIR_set=
ac_cv_env_PKG_CONFIG_LIBDIR_value=
ac_cv_env_PKG_CONFIG_PATH_set=
ac_cv_env_PKG_CONFIG_PATH_value=
ac_cv_env_PKG_CONFIG_set=
ac_cv_env_PKG_CONFIG_value=
ac_cv_env_WEBKIT_CFLAGS_set=
ac_cv_env_WEBKIT_CFLAGS_value=
ac_cv_env_WEBKIT_LIBS_set=
ac_cv_env_WEBKIT_LIBS_value=
ac_cv_env_build_alias_set=
ac_cv_env_build_alias_value=
ac_cv_env_host_alias_set=
ac_cv_env_host_alias_value=
ac_cv_env_target_alias_set=
ac_cv_env_target_alias_value=
ac_cv_func_getpass=yes
ac_cv_func_memcpy=yes
ac_cv_func_memset=yes
ac_cv_func_realpath=yes
ac_cv_func_setlocale=yes
ac_cv_func_strerror=yes
ac_cv_header_dirent_dirent_h=yes
ac_cv_header_dlfcn_h=yes
ac_cv_header_inttypes_h=yes
ac_cv_header_langinfo_h=yes
ac_cv_header_locale_h=yes
ac_cv_header_memory_h=yes
ac_cv_header_stdc=yes
ac_cv_header_stdint_h=yes
ac_cv_header_stdlib_h=yes
ac_cv_header_string_h=yes
ac_cv_header_strings_h=yes
ac_cv_header_sys_stat_h=yes
ac_cv_header_sys_types_h=yes
ac_cv_header_unistd_h=yes
ac_cv_header_wordexp_h=yes
ac_cv_host=i686-pc-linux-gnu
ac_cv_member_struct_dirent_d_ino=yes
ac_cv_member_struct_dirent_d_type=yes
ac_cv_objext=o
ac_cv_path_EGREP='/bin/grep -E'
ac_cv_path_FGREP='/bin/grep -F'
ac_cv_path_GREP=/bin/grep
ac_cv_path_PKG_CONFIG=/usr/bin/pkg-config
ac_cv_path_PMCCABE=pmccabe
ac_cv_path_SED=/bin/sed
ac_cv_path_install='/usr/bin/install -c'
ac_cv_path_mkdir=/bin/mkdir
ac_cv_prog_AWK=gawk
ac_cv_prog_CPP='gcc -std=gnu99 -E'
ac_cv_prog_CXXCPP='g++ -E'
ac_cv_prog_EMACS=emacs
ac_cv_prog_XAPIAN_CONFIG=xapian-config
ac_cv_prog_ac_ct_AR=ar
ac_cv_prog_ac_ct_CC=gcc
ac_cv_prog_ac_ct_CXX=g++
ac_cv_prog_ac_ct_MANIFEST_TOOL=mt
ac_cv_prog_ac_ct_OBJDUMP=objdump
ac_cv_prog_ac_ct_RANLIB=ranlib
ac_cv_prog_ac_ct_STRIP=strip
ac_cv_prog_cc_c89=
ac_cv_prog_cc_c99=-std=gnu99
ac_cv_prog_cc_g=yes
ac_cv_prog_cc_stdc=-std=gnu99
ac_cv_prog_cxx_g=yes
ac_cv_prog_have_makeinfo=yes
ac_cv_prog_make_make_set=yes
ac_cv_search_opendir='none required'
ac_cv_sys_file_offset_bits=64
ac_cv_sys_largefile_CC=no
am_cv_CC_dependencies_compiler_type=gcc3
am_cv_CXX_dependencies_compiler_type=gcc3
am_cv_lispdir='${datarootdir}/emacs/site-lisp'
lt_cv_ar_at_file=@
lt_cv_archive_cmds_need_lc=no
lt_cv_deplibs_check_method=pass_all
lt_cv_file_magic_cmd='$MAGIC_CMD'
lt_cv_file_magic_test_file=
lt_cv_ld_reload_flag=-r
lt_cv_nm_interface='BSD nm'
lt_cv_objdir=.libs
lt_cv_path_LD=/usr/bin/ld
lt_cv_path_LDCXX=/usr/bin/ld
lt_cv_path_NM='/usr/bin/nm -B'
lt_cv_path_mainfest_tool=no
lt_cv_prog_compiler_c_o=yes
lt_cv_prog_compiler_c_o_CXX=yes
lt_cv_prog_compiler_pic='-fPIC -DPIC'
lt_cv_prog_compiler_pic_CXX='-fPIC -DPIC'
lt_cv_prog_compiler_pic_works=yes
lt_cv_prog_compiler_pic_works_CXX=yes
lt_cv_prog_compiler_rtti_exceptions=no
lt_cv_prog_compiler_static_works=yes
lt_cv_prog_compiler_static_works_CXX=yes
lt_cv_prog_gnu_ld=yes
lt_cv_prog_gnu_ldcxx=yes
lt_cv_sharedlib_from_linklib_cmd='printf %s\n'
lt_cv_shlibpath_overrides_runpath=no
lt_cv_sys_global_symbol_pipe='sed -n -e '\''s/^.*[	 ]\([ABCDGIRSTW][ABCDGIRSTW]*\)[	 ][	 ]*\([_A-Za-z][_A-Za-z0-9]*\)$/\1 \2 \2/p'\'' | sed '\''/ __gnu_lto/d'\'''
lt_cv_sys_global_symbol_to_c_name_address='sed -n -e '\''s/^: \([^ ]*\)[ ]*$/  {\"\1\", (void *) 0},/p'\'' -e '\''s/^[ABCDGIRSTW]* \([^ ]*\) \([^ ]*\)$/  {"\2", (void *) \&\2},/p'\'''
lt_cv_sys_global_symbol_to_c_name_address_lib_prefix='sed -n -e '\''s/^: \([^ ]*\)[ ]*$/  {\"\1\", (void *) 0},/p'\'' -e '\''s/^[ABCDGIRSTW]* \([^ ]*\) \(lib[^ ]*\)$/  {"\2", (void *) \&\2},/p'\'' -e '\''s/^[ABCDGIRSTW]* \([^ ]*\) \([^ ]*\)$/  {"lib\2", (void *) \&\2},/p'\'''
lt_cv_sys_global_symbol_to_cdecl='sed -n -e '\''s/^T .* \(.*\)$/extern int \1();/p'\'' -e '\''s/^[ABCDGIRSTW]* .* \(.*\)$/extern char \1;/p'\'''
lt_cv_sys_max_cmd_len=1572864
lt_cv_to_host_file_cmd=func_convert_file_noop
lt_cv_to_tool_file_cmd=func_convert_file_noop
pkg_cv_GIO_CFLAGS='-pthread -I/usr/include/glib-2.0 -I/usr/lib/i386-linux-gnu/glib-2.0/include  '
pkg_cv_GIO_LIBS='-pthread -lgio-2.0 -lgobject-2.0 -lgmodule-2.0 -lgthread-2.0 -lrt -lglib-2.0  '
pkg_cv_GLIB_CFLAGS='-pthread -I/usr/include/glib-2.0 -I/usr/lib/i386-linux-gnu/glib-2.0/include  '
pkg_cv_GLIB_LIBS='-pthread -lgobject-2.0 -lgthread-2.0 -lrt -lglib-2.0  '
pkg_cv_GMIME_CFLAGS='-pthread -D_LARGEFILE64_SOURCE -D_FILE_OFFSET_BITS=64 -I/usr/include/glib-2.0 -I/usr/lib/i386-linux-gnu/glib-2.0/include -I/usr/include/gmime-2.4  '
pkg_cv_GMIME_LIBS='-pthread -lgmime-2.4 -lgobject-2.0 -lgthread-2.0 -lrt -lglib-2.0  '

## ----------------- ##
## Output variables. ##
## ----------------- ##

ACLOCAL='${SHELL} /home/laptop/config/emacs-live-packs/mu4e-pack/lib/mu-0.9.9/missing --run aclocal-1.11'
AMDEPBACKSLASH='\'
AMDEP_FALSE='#'
AMDEP_TRUE=''
AMTAR='${SHELL} /home/laptop/config/emacs-live-packs/mu4e-pack/lib/mu-0.9.9/missing --run tar'
AM_BACKSLASH='\'
AM_DEFAULT_VERBOSITY='0'
AR='ar'
AUTOCONF='${SHELL} /home/laptop/config/emacs-live-packs/mu4e-pack/lib/mu-0.9.9/missing --run autoconf'
AUTOHEADER='${SHELL} /home/laptop/config/emacs-live-packs/mu4e-pack/lib/mu-0.9.9/missing --run autoheader'
AUTOMAKE='${SHELL} /home/laptop/config/emacs-live-packs/mu4e-pack/lib/mu-0.9.9/missing --run automake-1.11'
AWK='gawk'
BUILD_CRYPTO_FALSE=''
BUILD_CRYPTO_TRUE='#'
BUILD_GUILE_FALSE=''
BUILD_GUILE_TRUE='#'
BUILD_GUI_FALSE=''
BUILD_GUI_TRUE='#'
BUILD_MU4E_FALSE='#'
BUILD_MU4E_TRUE=''
BUILD_WEBKIT_FALSE=''
BUILD_WEBKIT_TRUE='#'
CC='gcc -std=gnu99'
CCDEPMODE='depmode=gcc3'
CFLAGS='-g -O2'
CPP='gcc -std=gnu99 -E'
CPPFLAGS=''
CXX='g++'
CXXCPP='g++ -E'
CXXDEPMODE='depmode=gcc3'
CXXFLAGS='-g -O2'
CYGPATH_W='echo'
DEFS='-DHAVE_CONFIG_H'
DEPDIR='.deps'
DLLTOOL='false'
DSYMUTIL=''
DUMPBIN=''
ECHO_C=''
ECHO_N='-n'
ECHO_T=''
EGREP='/bin/grep -E'
EMACS='emacs'
EMACSLOADPATH=''
EXEEXT=''
FGREP='/bin/grep -F'
GIO_CFLAGS='-pthread -I/usr/include/glib-2.0 -I/usr/lib/i386-linux-gnu/glib-2.0/include  '
GIO_LIBS='-pthread -lgio-2.0 -lgobject-2.0 -lgmodule-2.0 -lgthread-2.0 -lrt -lglib-2.0  '
GLIB_CFLAGS='-pthread -I/usr/include/glib-2.0 -I/usr/lib/i386-linux-gnu/glib-2.0/include  '
GLIB_LIBS='-pthread -lgobject-2.0 -lgthread-2.0 -lrt -lglib-2.0  '
GMIME_CFLAGS='-pthread -D_LARGEFILE64_SOURCE -D_FILE_OFFSET_BITS=64 -I/usr/include/glib-2.0 -I/usr/lib/i386-linux-gnu/glib-2.0/include -I/usr/include/gmime-2.4  '
GMIME_LIBS='-pthread -lgmime-2.4 -lgobject-2.0 -lgthread-2.0 -lrt -lglib-2.0  '
GREP='/bin/grep'
GTK_CFLAGS=''
GTK_LIBS=''
GUILE_BINARY=''
GUILE_CFLAGS=''
GUILE_LIBS=''
GUILE_SITEDIR=''
GUILE_SNARF=''
HAVE_GIO_FALSE='#'
HAVE_GIO_TRUE=''
HAVE_GTK_FALSE=''
HAVE_GTK_TRUE='#'
HAVE_MAKEINFO_FALSE='#'
HAVE_MAKEINFO_TRUE=''
HAVE_XAPIAN_FALSE='#'
HAVE_XAPIAN_TRUE=''
INSTALL_DATA='${INSTALL} -m 644'
INSTALL_PROGRAM='${INSTALL}'
INSTALL_SCRIPT='${INSTALL}'
INSTALL_STRIP_PROGRAM='$(install_sh) -c -s'
LD='/usr/bin/ld'
LDFLAGS=''
LIBOBJS=''
LIBS=''
LIBTOOL='$(SHELL) $(top_builddir)/libtool'
LIPO=''
LN_S='ln -s'
LTLIBOBJS=''
MAKEINFO='${SHELL} /home/laptop/config/emacs-live-packs/mu4e-pack/lib/mu-0.9.9/missing --run makeinfo'
MANIFEST_TOOL=':'
MKDIR_P='/bin/mkdir -p'
NM='/usr/bin/nm -B'
NMEDIT=''
OBJDUMP='objdump'
OBJEXT='o'
OTOOL64=''
OTOOL=''
PACKAGE='mu'
PACKAGE_BUGREPORT='http://code.google.com/p/mu0/issues/list'
PACKAGE_NAME='mu'
PACKAGE_STRING='mu 0.9.9'
PACKAGE_TARNAME='mu'
PACKAGE_URL=''
PACKAGE_VERSION='0.9.9'
PATH_SEPARATOR=':'
PKG_CONFIG='/usr/bin/pkg-config'
PKG_CONFIG_LIBDIR=''
PKG_CONFIG_PATH=''
PMCCABE='pmccabe'
RANLIB='ranlib'
SED='/bin/sed'
SET_MAKE=''
SHELL='/bin/bash'
STRIP='strip'
VERSION='0.9.9'
WEBKIT_CFLAGS=''
WEBKIT_LIBS=''
XAPIAN_CONFIG='xapian-config'
XAPIAN_CXXFLAGS=''
XAPIAN_LIBS='-lxapian'
ac_ct_AR='ar'
ac_ct_CC='gcc'
ac_ct_CXX='g++'
ac_ct_DUMPBIN=''
am__EXEEXT_FALSE=''
am__EXEEXT_TRUE='#'
am__fastdepCC_FALSE='#'
am__fastdepCC_TRUE=''
am__fastdepCXX_FALSE='#'
am__fastdepCXX_TRUE=''
am__include='include'
am__isrc=''
am__leading_dot='.'
am__quote=''
am__tar='${AMTAR} chof - "$$tardir"'
am__untar='${AMTAR} xf -'
bindir='${exec_prefix}/bin'
build='i686-pc-linux-gnu'
build_alias=''
build_cpu='i686'
build_os='linux-gnu'
build_vendor='pc'
datadir='${datarootdir}'
datarootdir='${prefix}/share'
docdir='${datarootdir}/doc/${PACKAGE_TARNAME}'
dvidir='${docdir}'
exec_prefix='${prefix}'
have_makeinfo='yes'
host='i686-pc-linux-gnu'
host_alias=''
host_cpu='i686'
host_os='linux-gnu'
host_vendor='pc'
htmldir='${docdir}'
includedir='${prefix}/include'
infodir='${datarootdir}/info'
install_sh='${SHELL} /home/laptop/config/emacs-live-packs/mu4e-pack/lib/mu-0.9.9/install-sh'
libdir='${exec_prefix}/lib'
libexecdir='${exec_prefix}/libexec'
lispdir='${datarootdir}/emacs/site-lisp'
localedir='${datarootdir}/locale'
localstatedir='${prefix}/var'
mandir='${datarootdir}/man'
mkdir_p='/bin/mkdir -p'
oldincludedir='/usr/include'
pdfdir='${docdir}'
prefix='/usr/local'
program_transform_name='s,x,x,'
psdir='${docdir}'
sbindir='${exec_prefix}/sbin'
sharedstatedir='${prefix}/com'
sysconfdir='${prefix}/etc'
target_alias=''

## ----------- ##
## confdefs.h. ##
## ----------- ##

/* confdefs.h */
#define PACKAGE_NAME "mu"
#define PACKAGE_TARNAME "mu"
#define PACKAGE_VERSION "0.9.9"
#define PACKAGE_STRING "mu 0.9.9"
#define PACKAGE_BUGREPORT "http://code.google.com/p/mu0/issues/list"
#define PACKAGE_URL ""
#define PACKAGE "mu"
#define VERSION "0.9.9"
#define STDC_HEADERS 1
#define HAVE_SYS_TYPES_H 1
#define HAVE_SYS_STAT_H 1
#define HAVE_STDLIB_H 1
#define HAVE_STRING_H 1
#define HAVE_MEMORY_H 1
#define HAVE_STRINGS_H 1
#define HAVE_INTTYPES_H 1
#define HAVE_STDINT_H 1
#define HAVE_UNISTD_H 1
#define HAVE_DLFCN_H 1
#define LT_OBJDIR ".libs/"
#define HAVE_LOCALE_H 1
#define HAVE_LANGINFO_H 1
#define HAVE_WORDEXP_H 1
#define _FILE_OFFSET_BITS 64
#define HAVE_DIRENT_H 1
#define HAVE_STRUCT_DIRENT_D_TYPE 1
#define HAVE_STRUCT_DIRENT_D_INO 1
#define HAVE_MEMSET 1
#define HAVE_MEMCPY 1
#define HAVE_REALPATH 1
#define HAVE_SETLOCALE 1
#define HAVE_STRERROR 1
#define HAVE_GETPASS 1
#define MU_STORE_SCHEMA_VERSION "9.8"

configure: exit 0

## ---------------------- ##
## Running config.status. ##
## ---------------------- ##

This file was extended by mu config.status 0.9.9, which was
generated by GNU Autoconf 2.68.  Invocation command line was

  CONFIG_FILES    = 
  CONFIG_HEADERS  = 
  CONFIG_LINKS    = 
  CONFIG_COMMANDS = 
  $ ./config.status mu4e/version.texi

on CISD1W0006

config.status:1227: creating mu4e/version.texi
